<?xml version="1.0" encoding="UTF-8"?>
<!-- Generated by org.testng.reporters.JUnitReportReporter -->
<testsuite hostname="BANL148a4071e.local" name="sel.dice.selfw.selfwscratch.SecondTest" tests="1" failures="0" timestamp="8 Jan 2018 17:12:51 GMT" time="4.533" errors="0">
  <testcase name="secondTestMethod" time="4.533" classname="sel.dice.selfw.selfwscratch.SecondTest"/>
</testsuite> <!-- sel.dice.selfw.selfwscratch.SecondTest -->
