<?xml version="1.0" encoding="UTF-8"?>
<!-- Generated by org.testng.reporters.JUnitReportReporter -->
<testsuite hostname="BANL148a4071e.local" name="sel.dice.selfw.selfwscratch.FirstClass" tests="1" failures="0" timestamp="26 May 2018 18:42:31 GMT" time="15.602" errors="0">
  <testcase name="firstTestMethod" time="15.602" classname="sel.dice.selfw.selfwscratch.FirstClass"/>
</testsuite> <!-- sel.dice.selfw.selfwscratch.FirstClass -->
