<?xml version="1.0" encoding="UTF-8"?>
<!-- Generated by org.testng.reporters.JUnitReportReporter -->
<testsuite hostname="BANL148a4071e.local" name="sel.dice.selfw.selfwscratch.FirstClass" tests="2" failures="0" timestamp="7 Jan 2018 08:39:33 GMT" time="18.594" errors="0">
  <testcase name="secondTestMethod" time="5.732" classname="sel.dice.selfw.selfwscratch.FirstClass"/>
  <testcase name="firstTestMethod" time="12.862" classname="sel.dice.selfw.selfwscratch.FirstClass"/>
</testsuite> <!-- sel.dice.selfw.selfwscratch.FirstClass -->
